Arguments: 
  /usr/local/bin/node /usr/share/yarn/bin/yarn.js run serve

PATH: 
  /usr/local/sbin:/usr/local/bin:/usr/sbin:/usr/bin:/sbin:/bin:/usr/games:/usr/local/games:/snap/bin

Yarn version: 
  1.5.1

Node version: 
  8.0.0

Platform: 
  linux x64

npm manifest: 
  {
    "name": "platform",
    "version": "1.0.0",
    "description": "",
    "main": "webpack.config.js",
    "dependencies": {
      "jquery": "^3.2.1",
      "underscore": "^1.8.3"
    },
    "devDependencies": {
      "babel": "^6.23.0",
      "babel-core": "^6.26.0",
      "babel-loader": "^7.1.2",
      "babel-preset-env": "^1.6.1",
      "browser-sync": "^2.23.5",
      "css-loader": "^0.28.7",
      "ejs-render-loader": "^1.0.0",
      "extract-loader": "^1.0.1",
      "extract-text-webpack-plugin": "^3.0.2",
      "file-loader": "^1.1.6",
      "gulp": "^3.9.1",
      "gulp-autoprefixer": "^4.1.0",
      "gulp-imagemin": "^4.1.0",
      "gulp-minify-css": "^1.2.4",
      "gulp-rigger": "^0.5.8",
      "gulp-sass": "^3.1.0",
      "gulp-sourcemaps": "^2.6.3",
      "gulp-uglify": "^3.0.0",
      "gulp-util": "^3.0.8",
      "gulp-watch": "^5.0.0",
      "html-loader": "^0.5.4",
      "html-webpack-include-assets-plugin": "^1.0.2",
      "html-webpack-plugin": "^2.30.1",
      "imagemin-pngquant": "^5.0.1",
      "node-notifier": "^5.1.2",
      "node-sass": "^4.7.2",
      "rimraf": "^2.6.2",
      "sass-loader": "^6.0.6",
      "style-loader": "^0.19.0",
      "uglifyjs-webpack-plugin": "^1.1.6",
      "webpack": "^3.10.0",
      "webpack-dev-server": "^2.11.0",
      "webpack-spritesmith": "^0.4.0"
    },
    "scripts": {
      "test": "echo \"Error: no test specified\" && exit 1",
      "dev": "webpack --watch",
      "build": "webpack"
    },
    "repository": {
      "type": "git",
      "url": "git+https://github.com/neuromation/neuromation-platform-web-html.git"
    },
    "author": "",
    "license": "ISC",
    "bugs": {
      "url": "https://github.com/neuromation/neuromation-platform-web-html/issues"
    },
    "homepage": "https://github.com/neuromation/neuromation-platform-web-html#readme"
  }

yarn manifest: 
  No manifest

Lockfile: 
  No lockfile

Trace: 
  Error: Command "serve" not found.
      at new MessageError (/usr/share/yarn/lib/cli.js:186:110)
      at /usr/share/yarn/lib/cli.js:87307:17
      at Generator.next (<anonymous>)
      at step (/usr/share/yarn/lib/cli.js:98:30)
      at /usr/share/yarn/lib/cli.js:116:14
      at Promise (<anonymous>)
      at F (/usr/share/yarn/lib/cli.js:23451:28)
      at /usr/share/yarn/lib/cli.js:95:12
      at runCommand (/usr/share/yarn/lib/cli.js:87312:22)
      at Object.<anonymous> (/usr/share/yarn/lib/cli.js:87412:14)
